<?xml version="1.0" encoding="UTF-8"?>
<!-- Generated by org.testng.reporters.JUnitReportReporter -->
<testsuite hostname="IN31GFRRL3263YD" failures="0" tests="1" name="TrainingTests.NavigationTests" time="31.528" errors="0" timestamp="2021-03-12T07:54:08 IST" skipped="0">
  <testcase classname="TrainingTests.NavigationTests" name="TestCase1" time="31.528"/>
  <system-out/>
</testsuite> <!-- TrainingTests.NavigationTests -->
