<?xml version="1.0" encoding="UTF-8"?>
<!-- Generated by org.testng.reporters.JUnitReportReporter -->
<testsuite hostname="IN31GFRRL3263YD" failures="0" tests="1" name="TrainingTests.fileUploadDemo" time="12.326" errors="0" timestamp="2021-03-27T08:14:47 IST" skipped="0">
  <testcase classname="TrainingTests.fileUploadDemo" name="windowSwithTest" time="12.326"/>
  <system-out/>
</testsuite> <!-- TrainingTests.fileUploadDemo -->
