<?xml version="1.0" encoding="UTF-8"?>
<!-- Generated by org.testng.reporters.JUnitReportReporter -->
<testsuite hostname="IN31GFRRL3263YD" failures="0" tests="1" name="TrainingTests.windowSwitch" time="23.492" errors="0" timestamp="2021-03-25T07:52:20 IST" skipped="0">
  <testcase classname="TrainingTests.windowSwitch" name="windowSwithTest" time="23.492"/>
  <system-out/>
</testsuite> <!-- TrainingTests.windowSwitch -->
