<?xml version="1.0" encoding="UTF-8"?>
<!-- Generated by org.testng.reporters.JUnitReportReporter -->
<testsuite hostname="IN31GFRRL3263YD" failures="0" tests="1" name="TrainingTests.JavaScriptExecutorDemo" time="5.900" errors="0" timestamp="2021-03-27T07:36:35 IST" skipped="0">
  <testcase classname="TrainingTests.JavaScriptExecutorDemo" name="windowSwithTest" time="5.900"/>
  <system-out/>
</testsuite> <!-- TrainingTests.JavaScriptExecutorDemo -->
