<?xml version="1.0" encoding="UTF-8"?>
<!-- Generated by org.testng.reporters.JUnitReportReporter -->
<testsuite hostname="IN31GFRRL3263YD" failures="0" tests="1" name="TrainingTests.WebElementsDemo" time="7.478" errors="0" timestamp="2021-03-24T07:30:35 IST" skipped="0">
  <testcase classname="TrainingTests.WebElementsDemo" name="testActions" time="7.478"/>
  <system-out/>
</testsuite> <!-- TrainingTests.WebElementsDemo -->
